Metarepetition 1/31: running 100 warmup instances and 6000 measure instances
Metarepetition 2/31: running 1 warmup instances and 6000 measure instances
Metarepetition 3/31: running 1 warmup instances and 6000 measure instances
Metarepetition 4/31: running 1 warmup instances and 6000 measure instances
Metarepetition 5/31: running 1 warmup instances and 6000 measure instances
Metarepetition 6/31: running 1 warmup instances and 6000 measure instances
Metarepetition 7/31: running 1 warmup instances and 6000 measure instances
Metarepetition 8/31: running 1 warmup instances and 6000 measure instances
Metarepetition 9/31: running 1 warmup instances and 6000 measure instances
Metarepetition 10/31: running 1 warmup instances and 6000 measure instances
Metarepetition 11/31: running 1 warmup instances and 6000 measure instances
Metarepetition 12/31: running 1 warmup instances and 6000 measure instances
Metarepetition 13/31: running 1 warmup instances and 6000 measure instances
Metarepetition 14/31: running 1 warmup instances and 6000 measure instances
Metarepetition 15/31: running 1 warmup instances and 6000 measure instances
Metarepetition 16/31: running 1 warmup instances and 6000 measure instances
Metarepetition 17/31: running 1 warmup instances and 6000 measure instances
Metarepetition 18/31: running 1 warmup instances and 6000 measure instances
Metarepetition 19/31: running 1 warmup instances and 6000 measure instances
Metarepetition 20/31: running 1 warmup instances and 6000 measure instances
Metarepetition 21/31: running 1 warmup instances and 6000 measure instances
Metarepetition 22/31: running 1 warmup instances and 6000 measure instances
Metarepetition 23/31: running 1 warmup instances and 6000 measure instances
Metarepetition 24/31: running 1 warmup instances and 6000 measure instances
Metarepetition 25/31: running 1 warmup instances and 6000 measure instances
Metarepetition 26/31: running 1 warmup instances and 6000 measure instances
Metarepetition 27/31: running 1 warmup instances and 6000 measure instances
Metarepetition 28/31: running 1 warmup instances and 6000 measure instances
Metarepetition 29/31: running 1 warmup instances and 6000 measure instances
Metarepetition 30/31: running 1 warmup instances and 6000 measure instances
Metarepetition 31/31: running 1 warmup instances and 6000 measure instances
MIN 1074972958 RDTSC-cycles (8.18 per inner-iter)
MED 1075512631 RDTSC-cycles (8.18 per inner-iter)
GOOD STABILITY: 0.05 %

* Info: Callchains info will be incomplete
* Info: Try to recompile your application with -fno-omit-frame-pointer or to rerun with btm=stack
* Info: Dumping samples (host MathieuMint, process 3823)
* Info: Dumping source info for callchain nodes (host MathieuMint, process 3823)
* Info: Building/writing metadata (host MathieuMint)
* Info: Finished collect step (host MathieuMint, process 3823)

Your experiment path is /home/mathieu/Downloads/AOA-Project5/mathieu/measured_values_opt/O2/maqao_2025-03-23_10-58-31/tools/lprof_npsu_run_10

To display your profiling results:
#################################################################################################################################################################################
#    LEVEL    |     REPORT     |                                                                    COMMAND                                                                     #
#################################################################################################################################################################################
#  Functions  |  Cluster-wide  |  maqao lprof -df xp=/home/mathieu/Downloads/AOA-Project5/mathieu/measured_values_opt/O2/maqao_2025-03-23_10-58-31/tools/lprof_npsu_run_10      #
#  Functions  |  Per-node      |  maqao lprof -df -dn xp=/home/mathieu/Downloads/AOA-Project5/mathieu/measured_values_opt/O2/maqao_2025-03-23_10-58-31/tools/lprof_npsu_run_10  #
#  Functions  |  Per-process   |  maqao lprof -df -dp xp=/home/mathieu/Downloads/AOA-Project5/mathieu/measured_values_opt/O2/maqao_2025-03-23_10-58-31/tools/lprof_npsu_run_10  #
#  Functions  |  Per-thread    |  maqao lprof -df -dt xp=/home/mathieu/Downloads/AOA-Project5/mathieu/measured_values_opt/O2/maqao_2025-03-23_10-58-31/tools/lprof_npsu_run_10  #
#  Loops      |  Cluster-wide  |  maqao lprof -dl xp=/home/mathieu/Downloads/AOA-Project5/mathieu/measured_values_opt/O2/maqao_2025-03-23_10-58-31/tools/lprof_npsu_run_10      #
#  Loops      |  Per-node      |  maqao lprof -dl -dn xp=/home/mathieu/Downloads/AOA-Project5/mathieu/measured_values_opt/O2/maqao_2025-03-23_10-58-31/tools/lprof_npsu_run_10  #
#  Loops      |  Per-process   |  maqao lprof -dl -dp xp=/home/mathieu/Downloads/AOA-Project5/mathieu/measured_values_opt/O2/maqao_2025-03-23_10-58-31/tools/lprof_npsu_run_10  #
#  Loops      |  Per-thread    |  maqao lprof -dl -dt xp=/home/mathieu/Downloads/AOA-Project5/mathieu/measured_values_opt/O2/maqao_2025-03-23_10-58-31/tools/lprof_npsu_run_10  #
#################################################################################################################################################################################

